<?xml version="1.0" encoding="UTF-8"?>
<!-- Generated by org.testng.reporters.JUnitReportReporter -->
<testsuite name="com.test.SendFolder" tests="2" time="78.043" ignored="0" failures="0" timestamp="05 Jun 2018 07:34:33 GMT" skipped="0" hostname="WMS-PC" errors="0">
  <testcase name="nextPage" time="28.860" classname="com.test.SendFolder"/>
  <testcase name="checkSendMail" time="49.183" classname="com.test.SendFolder"/>
</testsuite> <!-- com.test.SendFolder -->
