<?xml version="1.0" encoding="UTF-8"?>
<!-- Generated by org.testng.reporters.JUnitReportReporter -->
<testsuite name="com.test.SignOut" tests="1" time="8.868" ignored="0" failures="0" timestamp="05 Jun 2018 07:34:33 GMT" skipped="0" hostname="WMS-PC" errors="0">
  <testcase name="signOut" time="8.868" classname="com.test.SignOut"/>
</testsuite> <!-- com.test.SignOut -->
