<?xml version="1.0" encoding="UTF-8"?>
<!-- Generated by org.testng.reporters.JUnitReportReporter -->
<testsuite name="com.test.InboxCount" tests="3" time="88.758" ignored="0" failures="0" timestamp="05 Jun 2018 07:34:33 GMT" skipped="0" hostname="WMS-PC" errors="0">
  <testcase name="VerifyinboxCountPresented" time="15.001" classname="com.test.InboxCount"/>
  <testcase name="checkPrimaryTab" time="25.083" classname="com.test.InboxCount"/>
  <testcase name="getInboxCount" time="48.674" classname="com.test.InboxCount"/>
</testsuite> <!-- com.test.InboxCount -->
