<?xml version="1.0" encoding="UTF-8"?>
<!-- Generated by org.testng.reporters.JUnitReportReporter -->
<testsuite skipped="0" hostname="Balachandar" name="com.test.NewTest" tests="1" failures="0" timestamp="02 Jun 2018 09:24:48 GMT" time="11.090" errors="0">
  <testcase name="f" time="11.090" classname="com.test.NewTest"/>
</testsuite> <!-- com.test.NewTest -->
