<?xml version="1.0" encoding="UTF-8"?>
<!-- Generated by org.testng.reporters.JUnitReportReporter -->
<testsuite name="com.test.LoginPage" tests="1" time="11.099" ignored="6" failures="0" timestamp="06 Jun 2018 10:37:49 GMT" skipped="0" hostname="WMS-PC" errors="0">
  <testcase name="browserBack" time="11.099" classname="com.test.LoginPage"/>
  <testcase name="clickWithBlankEmail" classname="com.test.LoginPage">
    <skipped/>
  </testcase> <!-- clickWithBlankEmail -->
  <testcase name="verifyPasswordPage" classname="com.test.LoginPage">
    <skipped/>
  </testcase> <!-- verifyPasswordPage -->
  <testcase name="checkEmailField" classname="com.test.LoginPage">
    <skipped/>
  </testcase> <!-- checkEmailField -->
  <testcase name="clickWithBlankPassword" classname="com.test.LoginPage">
    <skipped/>
  </testcase> <!-- clickWithBlankPassword -->
  <testcase name="validate" classname="com.test.LoginPage">
    <skipped/>
  </testcase> <!-- validate -->
  <testcase name="verifyGmailHome" classname="com.test.LoginPage">
    <skipped/>
  </testcase> <!-- verifyGmailHome -->
</testsuite> <!-- com.test.LoginPage -->
